<?xml version="1.0" encoding="UTF-8"?>
<!-- Generated by org.testng.reporters.JUnitReportReporter -->
<testsuite skipped="0" hostname="Hassan-PC" name="com.qa.test.GET_Session" tests="1" failures="0" timestamp="05 Feb 2019 14:18:21 GMT" time="0.983" errors="0">
  <testcase name="Create_Get_Session" time="0.983" classname="com.qa.test.GET_Session"/>
</testsuite> <!-- com.qa.test.GET_Session -->
