<?xml version="1.0" encoding="UTF-8"?>
<!-- Generated by org.testng.reporters.JUnitReportReporter -->
<testsuite skipped="0" hostname="Hassan-PC" name="com.qa.test.User_Registration" tests="1" failures="0" timestamp="05 Feb 2019 16:47:10 GMT" time="1.614" errors="0">
  <testcase name="new_account_creation" time="1.614" classname="com.qa.test.User_Registration"/>
</testsuite> <!-- com.qa.test.User_Registration -->
