<?xml version="1.0" encoding="UTF-8"?>
<!-- Generated by org.testng.reporters.JUnitReportReporter -->
<testsuite skipped="0" hostname="Hassan-PC" name="com.qa.test.Email_Existance" tests="2" failures="0" timestamp="29 Jan 2019 10:55:47 GMT" time="3.886" errors="0">
  <testcase name="Account_Already_Exists" time="3.023" classname="com.qa.test.Email_Existance"/>
  <testcase name="New_Account" time="0.863" classname="com.qa.test.Email_Existance"/>
</testsuite> <!-- com.qa.test.Email_Existance -->
