<?xml version="1.0" encoding="UTF-8"?>
<!-- Generated by org.testng.reporters.JUnitReportReporter -->
<testsuite skipped="1" hostname="Hassan-PC" name="com.qa.test.User_Registration" tests="2" failures="0" timestamp="11 Feb 2019 13:00:25 GMT" time="5.182" errors="0">
  <testcase name="new_account_creation" time="5.182" classname="com.qa.test.User_Registration"/>
  <testcase name="Account_Already_Exist" classname="com.qa.test.User_Registration">
    <skipped/>
  </testcase> <!-- Account_Already_Exist -->
</testsuite> <!-- com.qa.test.User_Registration -->
