<?xml version="1.0" encoding="UTF-8"?>
<!-- Generated by org.testng.reporters.JUnitReportReporter -->
<testsuite skipped="0" hostname="Hassan-PC" name="com.qa.test.Users_Login" tests="3" failures="0" timestamp="08 Feb 2019 15:54:18 GMT" time="4.321" errors="0">
  <testcase name="valid_credentials" time="2.398" classname="com.qa.test.Users_Login"/>
  <testcase name="Invalid_Password" time="1.038" classname="com.qa.test.Users_Login"/>
  <testcase name="Invalid_Email" time="0.885" classname="com.qa.test.Users_Login"/>
</testsuite> <!-- com.qa.test.Users_Login -->
