<?xml version="1.0" encoding="UTF-8"?>
<!-- Generated by org.testng.reporters.JUnitReportReporter -->
<testsuite skipped="0" hostname="Hassan-PC" name="com.qa.test.Users_Login" tests="3" failures="0" timestamp="31 Jan 2019 16:41:04 GMT" time="3.690" errors="0">
  <testcase name="valid_credentials" time="1.756" classname="com.qa.test.Users_Login"/>
  <testcase name="Invalid_Password" time="1.028" classname="com.qa.test.Users_Login"/>
  <testcase name="Invalid_Email" time="0.906" classname="com.qa.test.Users_Login"/>
</testsuite> <!-- com.qa.test.Users_Login -->
