<?xml version="1.0" encoding="UTF-8"?>
<!-- Generated by org.testng.reporters.JUnitReportReporter -->
<testsuite skipped="0" hostname="Hassan-PC" name="com.qa.test.PostAPITest" tests="1" failures="0" timestamp="19 Dec 2018 17:13:47 GMT" time="2.056" errors="0">
  <testcase name="postAPITest" time="2.056" classname="com.qa.test.PostAPITest"/>
</testsuite> <!-- com.qa.test.PostAPITest -->
