<?xml version="1.0" encoding="UTF-8"?>
<!-- Generated by org.testng.reporters.JUnitReportReporter -->
<testsuite skipped="0" hostname="Hassan-PC" name="com.qa.test.GetAPITest" tests="2" failures="0" timestamp="07 Feb 2019 13:47:13 GMT" time="2.355" errors="0">
  <testcase name="getAPITestWithoutHeaders" time="1.658" classname="com.qa.test.GetAPITest"/>
  <testcase name="getAPITestWithHeaders" time="0.697" classname="com.qa.test.GetAPITest"/>
</testsuite> <!-- com.qa.test.GetAPITest -->
