<?xml version="1.0" encoding="UTF-8"?>
<!-- Generated by org.testng.reporters.JUnitReportReporter -->
<testsuite skipped="0" hostname="Hassan-PC" name="com.qa.test.Users_Login" tests="3" failures="0" timestamp="05 Feb 2019 11:08:21 GMT" time="5.286" errors="0">
  <testcase name="valid_credentials" time="3.462" classname="com.qa.test.Users_Login"/>
  <testcase name="Invalid_Password" time="0.944" classname="com.qa.test.Users_Login"/>
  <testcase name="Invalid_Email" time="0.880" classname="com.qa.test.Users_Login"/>
</testsuite> <!-- com.qa.test.Users_Login -->
