<?xml version="1.0" encoding="UTF-8"?>
<!-- Generated by org.testng.reporters.JUnitReportReporter -->
<testsuite skipped="0" hostname="Hassan-PC" name="com.qa.test.GetAPITest" tests="1" failures="0" timestamp="03 Dec 2018 11:39:23 GMT" time="1.389" errors="0">
  <testcase name="getAPITest" time="1.389" classname="com.qa.test.GetAPITest"/>
</testsuite> <!-- com.qa.test.GetAPITest -->
