<?xml version="1.0" encoding="UTF-8"?>
<!-- Generated by org.testng.reporters.JUnitReportReporter -->
<testsuite skipped="0" hostname="Hassan-PC" name="com.qa.test.GetAPITest" tests="2" failures="0" timestamp="18 Dec 2018 12:12:26 GMT" time="2.209" errors="0">
  <testcase name="getAPITestWithoutHeaders" time="1.414" classname="com.qa.test.GetAPITest"/>
  <testcase name="getAPITestWithHeaders" time="0.795" classname="com.qa.test.GetAPITest"/>
</testsuite> <!-- com.qa.test.GetAPITest -->
