<?xml version="1.0" encoding="UTF-8"?>
<!-- Generated by org.testng.reporters.JUnitReportReporter -->
<testsuite skipped="0" hostname="Hassan-PC" name="com.qa.test.PostAPITest" tests="1" failures="0" timestamp="31 Jan 2019 12:02:49 GMT" time="1.826" errors="0">
  <testcase name="postAPITest" time="1.826" classname="com.qa.test.PostAPITest"/>
</testsuite> <!-- com.qa.test.PostAPITest -->
