<?xml version="1.0" encoding="UTF-8"?>
<!-- Generated by org.testng.reporters.JUnitReportReporter -->
<testsuite skipped="0" hostname="Hassan-PC" name="com.qa.test.Member_Email" tests="1" failures="0" timestamp="20 Dec 2018 15:19:14 GMT" time="1.627" errors="0">
  <testcase name="getAPITestWithoutHeaders" time="1.627" classname="com.qa.test.Member_Email"/>
</testsuite> <!-- com.qa.test.Member_Email -->
