<?xml version="1.0" encoding="UTF-8"?>
<!-- Generated by org.testng.reporters.JUnitReportReporter -->
<testsuite skipped="0" hostname="Hassan-PC" name="com.qa.test.GetAPITest" tests="2" failures="0" timestamp="30 Jan 2019 11:59:47 GMT" time="2.677" errors="0">
  <testcase name="getAPITestWithoutHeaders" time="1.971" classname="com.qa.test.GetAPITest"/>
  <testcase name="getAPITestWithHeaders" time="0.706" classname="com.qa.test.GetAPITest"/>
</testsuite> <!-- com.qa.test.GetAPITest -->
