<?xml version="1.0" encoding="UTF-8"?>
<!-- Generated by org.testng.reporters.JUnitReportReporter -->
<testsuite skipped="0" hostname="Hassan-PC" name="com.qa.test.Email_Existance" tests="2" failures="0" timestamp="20 Dec 2018 17:00:43 GMT" time="2.383" errors="0">
  <testcase name="Account_Already_Exists" time="1.495" classname="com.qa.test.Email_Existance"/>
  <testcase name="New_Account" time="0.888" classname="com.qa.test.Email_Existance"/>
</testsuite> <!-- com.qa.test.Email_Existance -->
